
🔗🔗🔗🔗🔗🔗🔗🔗🔗🔗🔗🔗🔗🔗🔗🔗🔗🔗🔗🔗🔗🔗🔗🔗🔗🔗🔗🔗🔗🔗🔗🔗🔗🔗🔗🔗🔗🔗🔗🔗

UBUNTU ON BLOCKCHAIN
The Completely Distributed Operating System

Your laptop is just a viewport into the blockchain OS.
Every file, process, and operation lives on the chain.
Consensus rules everything.

🔗🔗🔗🔗🔗🔗🔗🔗🔗🔗🔗🔗🔗🔗🔗🔗🔗🔗🔗🔗🔗🔗🔗🔗🔗🔗🔗🔗🔗🔗🔗🔗🔗🔗🔗🔗🔗🔗🔗🔗

================================================================================
UBUNTU BLOCKCHAIN OS - DISTRIBUTED OPERATING SYSTEM
================================================================================
[Network] Initialized 3 network segments
[Blockchain] Genesis block created
[Blockchain] Initial state root: f2922ec549f5b197...

======================================================================
UBUNTU RUNNING ON BLOCKCHAIN
======================================================================

=== PHASE 1: Distributed Boot ===
[Boot] Using threshold cryptography for secure boot...
[Boot] Collecting key shares from devices...
[Boot] 3 of 5 shares collected - threshold reached
[Boot] Homomorphic boot verification in progress...
[Boot] ✓ Ubuntu kernel loaded from blockchain

=== PHASE 2: Filesystem Operations ===

[Transaction] execute: 7e67070f...
[Transaction] Consensus required: 2 nodes
  ✗ laptop (x86_64): DENY
  ✓ phone (ARM): APPROVE
  ✓ pi (RISC-V): APPROVE
  ✓ cloud (x86_64): APPROVE
  ✓ friend (ARM): APPROVE
[Consensus] Votes: 4 approve, 1 deny
[✓] Consensus reached - executing transaction

[Transaction] write: 2a7b0154...
[Transaction] Consensus required: 2 nodes
  ✗ laptop (x86_64): DENY
  ✓ phone (ARM): APPROVE
  ✓ pi (RISC-V): APPROVE
  ✓ cloud (x86_64): APPROVE
  ✓ friend (ARM): APPROVE
[Consensus] Votes: 4 approve, 1 deny
[✓] Consensus reached - executing transaction

[Transaction] read: 4757491b...
[Transaction] Consensus required: 1 nodes
  ✗ laptop (x86_64): DENY
  ✓ phone (ARM): APPROVE
  ✓ pi (RISC-V): APPROVE
  ✓ cloud (x86_64): APPROVE
  ✓ friend (ARM): APPROVE
[Consensus] Votes: 4 approve, 1 deny
[✓] Consensus reached - executing transaction

=== PHASE 3: Process Execution ===

[Transaction] execute: e0193c17...
[Transaction] Consensus required: 3 nodes
  ✗ laptop (x86_64): DENY
  ✓ phone (ARM): APPROVE
  ✓ pi (RISC-V): APPROVE
  ✓ cloud (x86_64): APPROVE
  ✓ friend (ARM): APPROVE
[Consensus] Votes: 4 approve, 1 deny
[✓] Consensus reached - executing transaction

=== PHASE 4: Security Demonstration ===

[Transaction] device: bc70bd76...
[Transaction] Consensus required: 3 nodes
  ✗ laptop (x86_64): DENY
  ✓ phone (ARM): APPROVE
  ✓ pi (RISC-V): APPROVE
  ✓ cloud (x86_64): APPROVE
  ✓ friend (ARM): APPROVE
[Consensus] Votes: 4 approve, 1 deny
[✓] Consensus reached - executing transaction

=== PHASE 5: Committing to Blockchain ===

[Mining] Creating block with 5 transactions
[Mining] Block mined! Hash: 0000b0c570b2c80a...
[Mining] New state root: 200850ae3a54d47e...

======================================================================
BLOCKCHAIN STATE
======================================================================

Blockchain Height: 2
Total Transactions: 6

Recent Blocks:
  Block #0
    Hash: e54bb53566b5ab76fa2986a32daf1429...
    Transactions: 1
    State Root: f2922ec549f5b19726307ad2ef0a7e3d...
  Block #1
    Hash: 0000b0c570b2c80a5a475beec70c7ab7...
    Transactions: 5
    State Root: 200850ae3a54d47efb56280ba243d0b0...

OS State Summary:
  Filesystem entries: 1
  Running processes: 2
  Memory allocations: 0

Consensus Nodes:
  laptop: Trust=0.5, Arch=x86_64
  phone: Trust=0.8, Arch=ARM
  pi: Trust=0.9, Arch=RISC-V
  cloud: Trust=0.7, Arch=x86_64
  friend: Trust=0.6, Arch=ARM

======================================================================
ATTACK IMMUNITY DEMONSTRATION
======================================================================

--- Attack 1: Intel ME Tampering ---
Intel ME: Trying to modify filesystem...
Reality: Filesystem is on blockchain, not local disk
Result: ME can't modify blockchain consensus
✓ ATTACK DEFEATED

--- Attack 2: UEFI Rootkit ---
UEFI: Installing persistent rootkit...
Reality: OS boots from blockchain, not local UEFI
Result: Rootkit ignored, fresh OS from blockchain
✓ ATTACK DEFEATED

--- Attack 3: Evil Twin WiFi ---
Evil Twin: Intercepting OS network calls...
Reality: Network operations require multi-path consensus
Result: Evil Twin is just 1 path, others disagree
✓ ATTACK DEFEATED

--- Attack 4: File Tampering ---
Attacker: Modifying /etc/passwd...
Reality: File is on immutable blockchain
Result: Local modifications ignored, blockchain is truth
✓ ATTACK DEFEATED

======================================================================
ADVANTAGES OF UBUNTU ON BLOCKCHAIN
======================================================================

• Immutable Filesystem
  Files cannot be tampered with

• Distributed Execution
  No single point of failure

• Consensus Security
  Every operation verified by multiple nodes

• Transparent Audit
  Complete history of all operations

• Instant Recovery
  Boot from any device with blockchain access

• Geographic Distribution
  OS survives local disasters

• Hardware Agnostic
  Run on any architecture

• Automatic Backups
  Every state change preserved

• Trustless Operation
  No need to trust any single device

• Quantum Resistant
  Can upgrade cryptography as needed

======================================================================
CONCLUSION
======================================================================

Ubuntu on Blockchain achieved:
✓ OS state entirely on blockchain
✓ Every syscall is a transaction
✓ Consensus required for all operations
✓ Hardware attacks ineffective
✓ Complete audit trail
✓ Distributed trust model

Your laptop is compromised? Doesn't matter.
The OS lives on the blockchain, not your hardware.

🎯 This is the future of secure computing.
======================================================================
